Sun May 28 2017 01:22:28 GMT+0530 (India Standard Time) | GET | /todos/all
Sun May 28 2017 01:22:28 GMT+0530 (India Standard Time) | GET | /todos/all
Sun May 28 2017 01:47:39 GMT+0530 (India Standard Time) | GET | /todos
Sun May 28 2017 01:47:40 GMT+0530 (India Standard Time) | GET | /todos/5929dee3b930781ecc24f32f
Sun May 28 2017 01:47:40 GMT+0530 (India Standard Time) | GET | /todos/5929dee4b930781ecc24f343
Sun May 28 2017 01:47:41 GMT+0530 (India Standard Time) | GET | /todos/123
Sun May 28 2017 01:47:41 GMT+0530 (India Standard Time) | POST | /todos/
Sun May 28 2017 01:47:41 GMT+0530 (India Standard Time) | POST | /todos
Sun May 28 2017 01:47:42 GMT+0530 (India Standard Time) | PUT | /todos/123
Sun May 28 2017 01:47:42 GMT+0530 (India Standard Time) | PUT | /todos/5929dee3b930781ecc24f32c
Sun May 28 2017 01:47:43 GMT+0530 (India Standard Time) | PUT | /todos/5929dee3b930781ecc24f32e
Sun May 28 2017 01:47:43 GMT+0530 (India Standard Time) | PUT | /todos/5929dee3b930781ecc24f32e
Sun May 28 2017 01:47:43 GMT+0530 (India Standard Time) | DELETE | /todos/5929dee3b930781ecc24f32f
Sun May 28 2017 01:47:44 GMT+0530 (India Standard Time) | DELETE | /todos/5929dee3b930781ecc24f339
Sun May 28 2017 01:47:44 GMT+0530 (India Standard Time) | DELETE | /todos/123
Sun May 28 2017 01:47:45 GMT+0530 (India Standard Time) | GET | /users/me
Sun May 28 2017 01:47:45 GMT+0530 (India Standard Time) | GET | /users/me
Sun May 28 2017 01:47:45 GMT+0530 (India Standard Time) | POST | /users
Sun May 28 2017 01:47:46 GMT+0530 (India Standard Time) | POST | /users
Sun May 28 2017 01:47:46 GMT+0530 (India Standard Time) | POST | /users
Sun May 28 2017 01:47:47 GMT+0530 (India Standard Time) | POST | /users/login
Sun May 28 2017 01:47:47 GMT+0530 (India Standard Time) | POST | /users/login
Sun May 28 2017 01:47:48 GMT+0530 (India Standard Time) | DELETE | /users/me/token
